2023-05-17 22:05:66 INFO  HomePage :62 - Clicking on Accept Cookies : [[ChromeDriver: chrome on WINDOWS (5122468a6d3a665d19303156e20047cc)] -> xpath: //*[contains(text(),'Accept')]]
2023-05-17 22:05:337 INFO  HomePage :67 - Sending keywords : Tester to [[ChromeDriver: chrome on WINDOWS (5122468a6d3a665d19303156e20047cc)] -> xpath: //input[@id='keywords']]
2023-05-17 22:05:463 INFO  HomePage :72 - Sending Location : Harrow to [[ChromeDriver: chrome on WINDOWS (5122468a6d3a665d19303156e20047cc)] -> xpath: //input[@id='location']]
2023-05-17 22:05:92 INFO  HomePage :77 - Selecting distance : 5 from [[ChromeDriver: chrome on WINDOWS (5122468a6d3a665d19303156e20047cc)] -> xpath: //select[@id='distance']]
2023-05-17 22:05:284 INFO  HomePage :82 - Clicking on More options : [[ChromeDriver: chrome on WINDOWS (5122468a6d3a665d19303156e20047cc)] -> xpath: //button[@id='toggle-hp-search']]
2023-05-17 22:05:510 INFO  HomePage :87 - Sending Min Salary : 30000 to [[ChromeDriver: chrome on WINDOWS (5122468a6d3a665d19303156e20047cc)] -> xpath: //input[@id='salarymin']]
2023-05-17 22:05:681 INFO  HomePage :92 - Sending Max Salary : 500000 to [[ChromeDriver: chrome on WINDOWS (5122468a6d3a665d19303156e20047cc)] -> xpath: //input[@id='salarymax']]
2023-05-17 22:05:842 INFO  HomePage :97 - Selecting Salary Types : annum from [[ChromeDriver: chrome on WINDOWS (5122468a6d3a665d19303156e20047cc)] -> xpath: //select[@id='salarytype']]
2023-05-17 22:05:73 INFO  HomePage :102 - Selecting Job Types : Permanent to [[ChromeDriver: chrome on WINDOWS (5122468a6d3a665d19303156e20047cc)] -> xpath: //select[@id='tempperm']]
2023-05-17 22:05:283 INFO  HomePage :107 - Click on Find Jobs : [[ChromeDriver: chrome on WINDOWS (5122468a6d3a665d19303156e20047cc)] -> xpath: //input[@id='hp-search-btn']]
2023-05-17 22:05:686 INFO  ResultPage :24 - Verifying Results : Permanent Tester jobs in Harrow on the Hill from [[ChromeDriver: chrome on WINDOWS (5122468a6d3a665d19303156e20047cc)] -> xpath: //h1[@class='search-header__title']]
2023-05-17 22:05:945 INFO  HomePage :62 - Clicking on Accept Cookies : [[ChromeDriver: chrome on WINDOWS (066918b98b4b75a3f9edc1c5f117e6d1)] -> xpath: //*[contains(text(),'Accept')]]
2023-05-17 22:05:178 INFO  HomePage :67 - Sending keywords : Presser to [[ChromeDriver: chrome on WINDOWS (066918b98b4b75a3f9edc1c5f117e6d1)] -> xpath: //input[@id='keywords']]
2023-05-17 22:05:307 INFO  HomePage :72 - Sending Location : London to [[ChromeDriver: chrome on WINDOWS (066918b98b4b75a3f9edc1c5f117e6d1)] -> xpath: //input[@id='location']]
2023-05-17 22:05:778 INFO  HomePage :77 - Selecting distance : 25 from [[ChromeDriver: chrome on WINDOWS (066918b98b4b75a3f9edc1c5f117e6d1)] -> xpath: //select[@id='distance']]
2023-05-17 22:05:906 INFO  HomePage :82 - Clicking on More options : [[ChromeDriver: chrome on WINDOWS (066918b98b4b75a3f9edc1c5f117e6d1)] -> xpath: //button[@id='toggle-hp-search']]
2023-05-17 22:05:152 INFO  HomePage :87 - Sending Min Salary : 15000 to [[ChromeDriver: chrome on WINDOWS (066918b98b4b75a3f9edc1c5f117e6d1)] -> xpath: //input[@id='salarymin']]
2023-05-17 22:05:269 INFO  HomePage :92 - Sending Max Salary : 30000 to [[ChromeDriver: chrome on WINDOWS (066918b98b4b75a3f9edc1c5f117e6d1)] -> xpath: //input[@id='salarymax']]
2023-05-17 22:05:363 INFO  HomePage :97 - Selecting Salary Types : annum from [[ChromeDriver: chrome on WINDOWS (066918b98b4b75a3f9edc1c5f117e6d1)] -> xpath: //select[@id='salarytype']]
2023-05-17 22:05:503 INFO  HomePage :102 - Selecting Job Types : Permanent to [[ChromeDriver: chrome on WINDOWS (066918b98b4b75a3f9edc1c5f117e6d1)] -> xpath: //select[@id='tempperm']]
2023-05-17 22:05:653 INFO  HomePage :107 - Click on Find Jobs : [[ChromeDriver: chrome on WINDOWS (066918b98b4b75a3f9edc1c5f117e6d1)] -> xpath: //input[@id='hp-search-btn']]
2023-05-17 22:05:68 INFO  ResultPage :24 - Verifying Results : Permanent Presser jobs in London from [[ChromeDriver: chrome on WINDOWS (066918b98b4b75a3f9edc1c5f117e6d1)] -> xpath: //h1[@class='search-header__title']]
2023-05-17 22:05:884 INFO  HomePage :62 - Clicking on Accept Cookies : [[ChromeDriver: chrome on WINDOWS (a44ae3fb2bca16b841796bf7d1a910db)] -> xpath: //*[contains(text(),'Accept')]]
2023-05-17 22:05:116 INFO  HomePage :67 - Sending keywords : Store Manager to [[ChromeDriver: chrome on WINDOWS (a44ae3fb2bca16b841796bf7d1a910db)] -> xpath: //input[@id='keywords']]
2023-05-17 22:05:364 INFO  HomePage :72 - Sending Location : Northamptonshire to [[ChromeDriver: chrome on WINDOWS (a44ae3fb2bca16b841796bf7d1a910db)] -> xpath: //input[@id='location']]
2023-05-17 22:05:496 INFO  HomePage :77 - Selecting distance : 15 from [[ChromeDriver: chrome on WINDOWS (a44ae3fb2bca16b841796bf7d1a910db)] -> xpath: //select[@id='distance']]
2023-05-17 22:05:715 INFO  HomePage :82 - Clicking on More options : [[ChromeDriver: chrome on WINDOWS (a44ae3fb2bca16b841796bf7d1a910db)] -> xpath: //button[@id='toggle-hp-search']]
2023-05-17 22:05:45 INFO  HomePage :87 - Sending Min Salary : 300 to [[ChromeDriver: chrome on WINDOWS (a44ae3fb2bca16b841796bf7d1a910db)] -> xpath: //input[@id='salarymin']]
2023-05-17 22:05:223 INFO  HomePage :92 - Sending Max Salary : 60 to [[ChromeDriver: chrome on WINDOWS (a44ae3fb2bca16b841796bf7d1a910db)] -> xpath: //input[@id='salarymax']]
2023-05-17 22:05:519 INFO  HomePage :97 - Selecting Salary Types : week from [[ChromeDriver: chrome on WINDOWS (a44ae3fb2bca16b841796bf7d1a910db)] -> xpath: //select[@id='salarytype']]
2023-05-17 22:05:765 INFO  HomePage :102 - Selecting Job Types : Permanent to [[ChromeDriver: chrome on WINDOWS (a44ae3fb2bca16b841796bf7d1a910db)] -> xpath: //select[@id='tempperm']]
2023-05-17 22:05:53 INFO  HomePage :107 - Click on Find Jobs : [[ChromeDriver: chrome on WINDOWS (a44ae3fb2bca16b841796bf7d1a910db)] -> xpath: //input[@id='hp-search-btn']]
2023-05-17 22:05:409 INFO  ResultPage :24 - Verifying Results : Permanent Store Manager jobs in Northamptonshire from [[ChromeDriver: chrome on WINDOWS (a44ae3fb2bca16b841796bf7d1a910db)] -> xpath: //h1[@class='search-header__title']]
2023-05-17 23:05:679 INFO  HomePage :62 - Clicking on Accept Cookies : [[ChromeDriver: chrome on WINDOWS (dbccaa00558196968ef958583e39b255)] -> xpath: //*[contains(text(),'Accept')]]
2023-05-17 23:05:935 INFO  HomePage :67 - Sending keywords : It Administrator to [[ChromeDriver: chrome on WINDOWS (dbccaa00558196968ef958583e39b255)] -> xpath: //input[@id='keywords']]
2023-05-17 23:05:389 INFO  HomePage :72 - Sending Location : Warwick, Warwickshire to [[ChromeDriver: chrome on WINDOWS (dbccaa00558196968ef958583e39b255)] -> xpath: //input[@id='location']]
2023-05-17 23:05:537 INFO  HomePage :77 - Selecting distance : 15 from [[ChromeDriver: chrome on WINDOWS (dbccaa00558196968ef958583e39b255)] -> xpath: //select[@id='distance']]
2023-05-17 23:05:788 INFO  HomePage :82 - Clicking on More options : [[ChromeDriver: chrome on WINDOWS (dbccaa00558196968ef958583e39b255)] -> xpath: //button[@id='toggle-hp-search']]
2023-05-17 23:05:70 INFO  HomePage :87 - Sending Min Salary : 40000 to [[ChromeDriver: chrome on WINDOWS (dbccaa00558196968ef958583e39b255)] -> xpath: //input[@id='salarymin']]
2023-05-17 23:05:253 INFO  HomePage :92 - Sending Max Salary : 80000 to [[ChromeDriver: chrome on WINDOWS (dbccaa00558196968ef958583e39b255)] -> xpath: //input[@id='salarymax']]
2023-05-17 23:05:408 INFO  HomePage :97 - Selecting Salary Types : annum from [[ChromeDriver: chrome on WINDOWS (dbccaa00558196968ef958583e39b255)] -> xpath: //select[@id='salarytype']]
2023-05-17 23:05:676 INFO  HomePage :102 - Selecting Job Types : Permanent to [[ChromeDriver: chrome on WINDOWS (dbccaa00558196968ef958583e39b255)] -> xpath: //select[@id='tempperm']]
2023-05-17 23:05:957 INFO  HomePage :107 - Click on Find Jobs : [[ChromeDriver: chrome on WINDOWS (dbccaa00558196968ef958583e39b255)] -> xpath: //input[@id='hp-search-btn']]
2023-05-17 23:05:53 INFO  ResultPage :24 - Verifying Results : Permanent It Administrator jobs in Warwick from [[ChromeDriver: chrome on WINDOWS (dbccaa00558196968ef958583e39b255)] -> xpath: //h1[@class='search-header__title']]
2023-05-17 23:05:62 INFO  HomePage :62 - Clicking on Accept Cookies : [[ChromeDriver: chrome on WINDOWS (895b693d0e0c7e3284147613efe2dea7)] -> xpath: //*[contains(text(),'Accept')]]
2023-05-17 23:05:538 INFO  HomePage :67 - Sending keywords : Network Manager to [[ChromeDriver: chrome on WINDOWS (895b693d0e0c7e3284147613efe2dea7)] -> xpath: //input[@id='keywords']]
2023-05-17 23:05:729 INFO  HomePage :72 - Sending Location : Reading to [[ChromeDriver: chrome on WINDOWS (895b693d0e0c7e3284147613efe2dea7)] -> xpath: //input[@id='location']]
2023-05-17 23:05:30 INFO  HomePage :77 - Selecting distance : 7 from [[ChromeDriver: chrome on WINDOWS (895b693d0e0c7e3284147613efe2dea7)] -> xpath: //select[@id='distance']]
2023-05-17 23:05:353 INFO  HomePage :82 - Clicking on More options : [[ChromeDriver: chrome on WINDOWS (895b693d0e0c7e3284147613efe2dea7)] -> xpath: //button[@id='toggle-hp-search']]
2023-05-17 23:05:638 INFO  HomePage :87 - Sending Min Salary : 45000 to [[ChromeDriver: chrome on WINDOWS (895b693d0e0c7e3284147613efe2dea7)] -> xpath: //input[@id='salarymin']]
2023-05-17 23:05:821 INFO  HomePage :92 - Sending Max Salary : 65000 to [[ChromeDriver: chrome on WINDOWS (895b693d0e0c7e3284147613efe2dea7)] -> xpath: //input[@id='salarymax']]
2023-05-17 23:05:14 INFO  HomePage :97 - Selecting Salary Types : annum from [[ChromeDriver: chrome on WINDOWS (895b693d0e0c7e3284147613efe2dea7)] -> xpath: //select[@id='salarytype']]
2023-05-17 23:05:307 INFO  HomePage :102 - Selecting Job Types : Permanent to [[ChromeDriver: chrome on WINDOWS (895b693d0e0c7e3284147613efe2dea7)] -> xpath: //select[@id='tempperm']]
2023-05-17 23:05:574 INFO  HomePage :107 - Click on Find Jobs : [[ChromeDriver: chrome on WINDOWS (895b693d0e0c7e3284147613efe2dea7)] -> xpath: //input[@id='hp-search-btn']]
2023-05-17 23:05:354 INFO  ResultPage :24 - Verifying Results : Permanent Network Manager jobs in Reading from [[ChromeDriver: chrome on WINDOWS (895b693d0e0c7e3284147613efe2dea7)] -> xpath: //h1[@class='search-header__title']]
2023-05-17 23:05:667 INFO  HomePage :62 - Clicking on Accept Cookies : [[ChromeDriver: chrome on WINDOWS (8945d0fb1a1b079e04c25bed18347a34)] -> xpath: //*[contains(text(),'Accept')]]
2023-05-17 23:05:138 INFO  HomePage :67 - Sending keywords : Test Analyst to [[ChromeDriver: chrome on WINDOWS (8945d0fb1a1b079e04c25bed18347a34)] -> xpath: //input[@id='keywords']]
2023-05-17 23:05:328 INFO  HomePage :72 - Sending Location : Peterborough to [[ChromeDriver: chrome on WINDOWS (8945d0fb1a1b079e04c25bed18347a34)] -> xpath: //input[@id='location']]
2023-05-17 23:05:507 INFO  HomePage :77 - Selecting distance : 15 from [[ChromeDriver: chrome on WINDOWS (8945d0fb1a1b079e04c25bed18347a34)] -> xpath: //select[@id='distance']]
2023-05-17 23:05:794 INFO  HomePage :82 - Clicking on More options : [[ChromeDriver: chrome on WINDOWS (8945d0fb1a1b079e04c25bed18347a34)] -> xpath: //button[@id='toggle-hp-search']]
2023-05-17 23:05:55 INFO  HomePage :87 - Sending Min Salary : 45000 to [[ChromeDriver: chrome on WINDOWS (8945d0fb1a1b079e04c25bed18347a34)] -> xpath: //input[@id='salarymin']]
2023-05-17 23:05:226 INFO  HomePage :92 - Sending Max Salary : 55000 to [[ChromeDriver: chrome on WINDOWS (8945d0fb1a1b079e04c25bed18347a34)] -> xpath: //input[@id='salarymax']]
2023-05-17 23:05:357 INFO  HomePage :97 - Selecting Salary Types : annum from [[ChromeDriver: chrome on WINDOWS (8945d0fb1a1b079e04c25bed18347a34)] -> xpath: //select[@id='salarytype']]
2023-05-17 23:05:594 INFO  HomePage :102 - Selecting Job Types : Part Time to [[ChromeDriver: chrome on WINDOWS (8945d0fb1a1b079e04c25bed18347a34)] -> xpath: //select[@id='tempperm']]
2023-05-17 23:05:864 INFO  HomePage :107 - Click on Find Jobs : [[ChromeDriver: chrome on WINDOWS (8945d0fb1a1b079e04c25bed18347a34)] -> xpath: //input[@id='hp-search-btn']]
2023-05-17 23:05:878 INFO  ResultPage :24 - Verifying Results : Permanent Test Analyst jobs in Peterborough from [[ChromeDriver: chrome on WINDOWS (8945d0fb1a1b079e04c25bed18347a34)] -> xpath: //h1[@class='search-header__title']]
2023-05-17 23:05:841 INFO  HomePage :62 - Clicking on Accept Cookies : [[ChromeDriver: chrome on WINDOWS (d0a8c355c64b0569d8f4316b5fe2f943)] -> xpath: //*[contains(text(),'Accept')]]
2023-05-17 23:05:98 INFO  HomePage :67 - Sending keywords : Test Manager to [[ChromeDriver: chrome on WINDOWS (d0a8c355c64b0569d8f4316b5fe2f943)] -> xpath: //input[@id='keywords']]
2023-05-17 23:05:238 INFO  HomePage :72 - Sending Location : Milton Keynes to [[ChromeDriver: chrome on WINDOWS (d0a8c355c64b0569d8f4316b5fe2f943)] -> xpath: //input[@id='location']]
2023-05-17 23:05:451 INFO  HomePage :77 - Selecting distance : 10 from [[ChromeDriver: chrome on WINDOWS (d0a8c355c64b0569d8f4316b5fe2f943)] -> xpath: //select[@id='distance']]
2023-05-17 23:05:594 INFO  HomePage :82 - Clicking on More options : [[ChromeDriver: chrome on WINDOWS (d0a8c355c64b0569d8f4316b5fe2f943)] -> xpath: //button[@id='toggle-hp-search']]
2023-05-17 23:05:782 INFO  HomePage :87 - Sending Min Salary : 350 to [[ChromeDriver: chrome on WINDOWS (d0a8c355c64b0569d8f4316b5fe2f943)] -> xpath: //input[@id='salarymin']]
2023-05-17 23:05:946 INFO  HomePage :92 - Sending Max Salary : 700 to [[ChromeDriver: chrome on WINDOWS (d0a8c355c64b0569d8f4316b5fe2f943)] -> xpath: //input[@id='salarymax']]
2023-05-17 23:05:156 INFO  HomePage :97 - Selecting Salary Types : day from [[ChromeDriver: chrome on WINDOWS (d0a8c355c64b0569d8f4316b5fe2f943)] -> xpath: //select[@id='salarytype']]
2023-05-17 23:05:512 INFO  HomePage :102 - Selecting Job Types : Permanent to [[ChromeDriver: chrome on WINDOWS (d0a8c355c64b0569d8f4316b5fe2f943)] -> xpath: //select[@id='tempperm']]
2023-05-17 23:05:720 INFO  HomePage :107 - Click on Find Jobs : [[ChromeDriver: chrome on WINDOWS (d0a8c355c64b0569d8f4316b5fe2f943)] -> xpath: //input[@id='hp-search-btn']]
2023-05-17 23:05:09 INFO  ResultPage :24 - Verifying Results : Contract Test Manager jobs in Milton Keynes from [[ChromeDriver: chrome on WINDOWS (d0a8c355c64b0569d8f4316b5fe2f943)] -> xpath: //h1[@class='search-header__title']]
